2020-04-19 12:18:08 INFO  MyList:57 - Element 1 added at end of the list
2020-04-19 12:18:08 INFO  MyList:57 - Element 2 added at end of the list
2020-04-19 12:18:08 INFO  MyList:57 - Element 3 added at end of the list
2020-04-19 12:18:08 INFO  MyList:57 - Element 9 added at end of the list
2020-04-19 12:18:08 INFO  MyList:83 - Element 8 added at position 4
2020-04-19 12:18:08 INFO  MyList:83 - Element 4 added at position 4
2020-04-19 12:18:08 INFO  MyList:83 - Element 5 added at position 5
2020-04-19 12:18:08 INFO  MyList:42 - Element 0 added at top of the list
2020-04-19 12:18:08 INFO  MyList:83 - Element 6 added at position 6
2020-04-19 12:18:08 INFO  MyList:83 - Element 7 added at position 8
2020-04-19 12:18:08 INFO  MyList:57 - Element 99 added at end of the list
2020-04-19 12:18:08 INFO  MyList:90 - Element 0
2020-04-19 12:18:08 INFO  MyList:90 - Element 1
2020-04-19 12:18:08 INFO  MyList:90 - Element 2
2020-04-19 12:18:08 INFO  MyList:90 - Element 3
2020-04-19 12:18:08 INFO  MyList:90 - Element 4
2020-04-19 12:18:08 INFO  MyList:90 - Element 6
2020-04-19 12:18:08 INFO  MyList:90 - Element 5
2020-04-19 12:18:08 INFO  MyList:90 - Element 7
2020-04-19 12:18:08 INFO  MyList:90 - Element 8
2020-04-19 12:18:08 INFO  MyList:90 - Element 9
2020-04-19 12:18:08 INFO  MyList:90 - Element 99
2020-04-19 12:18:08 INFO  Runner:25 - false
2020-04-19 12:18:08 ERROR MyList:125 - Position 83 out of range.
2020-04-19 12:18:08 INFO  MyList:140 - Element at position 9 removed
2020-04-19 12:18:08 INFO  MyList:121 - Element at position 9: 99
